0 info it worked if it ends with ok
1 verbose cli [ '/usr/bin/node', '/usr/bin/npm', 'start' ]
2 info using npm@3.8.1
3 info using node@v5.8.0
4 verbose run-script [ 'prestart', 'start', 'poststart' ]
5 info lifecycle ethereum-mining-calculator@0.0.1~prestart: ethereum-mining-calculator@0.0.1
6 silly lifecycle ethereum-mining-calculator@0.0.1~prestart: no script for prestart, continuing
7 info lifecycle ethereum-mining-calculator@0.0.1~start: ethereum-mining-calculator@0.0.1
8 verbose lifecycle ethereum-mining-calculator@0.0.1~start: unsafe-perm in lifecycle true
9 verbose lifecycle ethereum-mining-calculator@0.0.1~start: PATH: /usr/lib/node_modules/npm/bin/node-gyp-bin:/home/age/DataCloud/Projects/EthereumMiningCalculator/node_modules/.bin:/usr/bin:/usr/local/sbin:/usr/local/bin:/usr/bin:/opt/android-sdk/platform-tools:/opt/android-sdk/tools:/usr/lib/jvm/default/bin:/usr/bin/site_perl:/usr/bin/vendor_perl:/usr/bin/core_perl
10 verbose lifecycle ethereum-mining-calculator@0.0.1~start: CWD: /home/age/DataCloud/Projects/EthereumMiningCalculator
11 silly lifecycle ethereum-mining-calculator@0.0.1~start: Args: [ '-c', 'grunt' ]
12 silly lifecycle ethereum-mining-calculator@0.0.1~start: Returned: code: 1  signal: null
13 info lifecycle ethereum-mining-calculator@0.0.1~start: Failed to exec start script
14 verbose stack Error: ethereum-mining-calculator@0.0.1 start: `grunt`
14 verbose stack Exit status 1
14 verbose stack     at EventEmitter.<anonymous> (/usr/lib/node_modules/npm/lib/utils/lifecycle.js:239:16)
14 verbose stack     at emitTwo (events.js:100:13)
14 verbose stack     at EventEmitter.emit (events.js:185:7)
14 verbose stack     at ChildProcess.<anonymous> (/usr/lib/node_modules/npm/lib/utils/spawn.js:24:14)
14 verbose stack     at emitTwo (events.js:100:13)
14 verbose stack     at ChildProcess.emit (events.js:185:7)
14 verbose stack     at maybeClose (internal/child_process.js:850:16)
14 verbose stack     at Process.ChildProcess._handle.onexit (internal/child_process.js:215:5)
15 verbose pkgid ethereum-mining-calculator@0.0.1
16 verbose cwd /home/age/DataCloud/Projects/EthereumMiningCalculator/bower_components/angular-json
17 error Linux 4.4.5-1-ARCH
18 error argv "/usr/bin/node" "/usr/bin/npm" "start"
19 error node v5.8.0
20 error npm  v3.8.1
21 error code ELIFECYCLE
22 error ethereum-mining-calculator@0.0.1 start: `grunt`
22 error Exit status 1
23 error Failed at the ethereum-mining-calculator@0.0.1 start script 'grunt'.
23 error Make sure you have the latest version of node.js and npm installed.
23 error If you do, this is most likely a problem with the ethereum-mining-calculator package,
23 error not with npm itself.
23 error Tell the author that this fails on your system:
23 error     grunt
23 error You can get information on how to open an issue for this project with:
23 error     npm bugs ethereum-mining-calculator
23 error Or if that isn't available, you can get their info via:
23 error     npm owner ls ethereum-mining-calculator
23 error There is likely additional logging output above.
24 verbose exit [ 1, true ]
